<?xml version="1.0" encoding="UTF-8"?>
<!-- Generated by org.testng.reporters.JUnitReportReporter -->
<testsuite hostname="LAPTOP-ECF10TJE" failures="0" tests="1" name="testCases.TC_002_LoginTest" time="1.971" errors="0" timestamp="2023-02-12T19:33:50 IST" skipped="0">
  <testcase classname="testCases.TC_002_LoginTest" name="test_Login" time="1.971"/>
  <system-out/>
</testsuite> <!-- testCases.TC_002_LoginTest -->
