<?xml version="1.0" encoding="UTF-8"?>
<!-- Generated by org.testng.reporters.JUnitReportReporter -->
<testsuite hostname="LAPTOP-ECF10TJE" failures="0" tests="1" name="testCases.TC_RF_005" time="9.880" errors="0" timestamp="2023-02-14T12:16:12 IST" skipped="0">
  <testcase classname="testCases.TC_RF_005" name="yesNewsletter" time="9.880"/>
  <system-out/>
</testsuite> <!-- testCases.TC_RF_005 -->
