<?xml version="1.0" encoding="UTF-8"?>
<!-- Generated by org.testng.reporters.JUnitReportReporter -->
<testsuite hostname="LAPTOP-ECF10TJE" failures="0" tests="1" name="testCases.TC_001_AccountRegistrationTest" time="5.062" errors="0" timestamp="2023-02-12T19:33:50 IST" skipped="0">
  <testcase classname="testCases.TC_001_AccountRegistrationTest" name="test_account_Registration" time="5.062"/>
  <system-out/>
</testsuite> <!-- testCases.TC_001_AccountRegistrationTest -->
