<?xml version="1.0" encoding="UTF-8"?>
<!-- Generated by org.testng.reporters.JUnitReportReporter -->
<testsuite hostname="LAPTOP-ECF10TJE" failures="0" tests="1" name="testCases.TC_RF_004" time="3.352" errors="0" timestamp="2023-02-14T12:43:49 IST" skipped="0">
  <testcase classname="testCases.TC_RF_004" name="account_Registration" time="3.352"/>
  <system-out/>
</testsuite> <!-- testCases.TC_RF_004 -->
